<?xml version="1.0" encoding="UTF-8"?>
<!-- Generated by org.testng.reporters.JUnitReportReporter -->
<testsuite hostname="LAPTOP-T5KGMCOU" failures="0" tests="3" name="TestRunnerFile.TestRunnerClass" time="44.261" errors="0" timestamp="2025-02-26T03:35:50 IST" skipped="0">
  <testcase classname="TestRunnerFile.TestRunnerClass" name="runScenario" time="16.072"/>
  <system-out/>
  <testcase classname="TestRunnerFile.TestRunnerClass" name="runScenario" time="16.075"/>
  <system-out/>
  <testcase classname="TestRunnerFile.TestRunnerClass" name="runScenario" time="12.114"/>
  <system-out/>
</testsuite> <!-- TestRunnerFile.TestRunnerClass -->
