<?xml version="1.0" encoding="UTF-8"?>
<!-- Generated by org.testng.reporters.JUnitReportReporter -->
<testsuite hostname="LAPTOP-T5KGMCOU" failures="0" tests="3" name="TestRunnerFile.TestRunnerClass" time="44.239" errors="0" timestamp="2025-03-01T18:11:14 IST" skipped="0">
  <testcase classname="TestRunnerFile.TestRunnerClass" name="runScenario" time="16.063"/>
  <system-out/>
  <testcase classname="TestRunnerFile.TestRunnerClass" name="runScenario" time="16.063"/>
  <system-out/>
  <testcase classname="TestRunnerFile.TestRunnerClass" name="runScenario" time="12.113"/>
  <system-out/>
</testsuite> <!-- TestRunnerFile.TestRunnerClass -->
